<?xml version="1.0" encoding="UTF-8"?>
<!-- Generated by org.testng.reporters.JUnitReportReporter -->
<testsuite hostname="LAPTOP-QH37SSCF" failures="0" tests="1" name="cucumberOptions.TestNGTestRunner" time="13.461" errors="0" timestamp="2022-03-22T12:58:26 IST" skipped="0">
  <testcase classname="cucumberOptions.TestNGTestRunner" name="runScenario" time="13.461"/>
  <system-out/>
</testsuite> <!-- cucumberOptions.TestNGTestRunner -->
